tesla-app/android/app/build-old/outputs/logs/manifest-merger-debug-report.txt
-- Merging decision tree log ---
manifest
ADDED from src/main/AndroidManifest.xml:1:1-32:12
INJECTED from src/main/AndroidManifest.xml:1:1-32:12
INJECTED from src/main/AndroidManifest.xml:1:1-32:12
INJECTED from src/main/AndroidManifest.xml:1:1-32:12
MERGED from src/main/AndroidManifest.xml:1:1-32:12
MERGED from [com.facebook.flipper:flipper:0.54.0] AndroidManifest.xml:8:1-18:12
MERGED from [com.facebook.flipper:flipper-network-plugin:0.54.0] AndroidManifest.xml:8:1-15:12
MERGED from [com.facebook.flipper:flipper-fresco-plugin:0.54.0] AndroidManifest.xml:8:1-15:12
MERGED from [:react-native-community_checkbox] AndroidManifest.xml:2:1-9:12
MERGED from [:expo] AndroidManifest.xml:2:1-11:12
MERGED from [:react-native-webview] AndroidManifest.xml:2:1-23:12
MERGED from [:expo-application] AndroidManifest.xml:2:1-11:12
MERGED from [:expo-constants] AndroidManifest.xml:2:1-11:12
MERGED from [:expo-error-recovery] AndroidManifest.xml:2:1-11:12
MERGED from [:expo-file-system] AndroidManifest.xml:2:1-37:12
MERGED from [:expo-font] AndroidManifest.xml:2:1-11:12
MERGED from [:expo-keep-awake] AndroidManifest.xml:2:1-11:12
MERGED from [:expo-splash-screen] AndroidManifest.xml:2:1-11:12
MERGED from [:expo-modules-core] AndroidManifest.xml:2:1-17:12
MERGED from [com.facebook.react:react-native:0.64.3] AndroidManifest.xml:2:1-13:12
MERGED from [com.facebook.fresco:flipper:2.2.0] AndroidManifest.xml:2:1-9:12
MERGED from [com.facebook.fresco:stetho:2.2.0] AndroidManifest.xml:2:1-9:12
MERGED from [com.facebook.fresco:fresco:2.2.0] AndroidManifest.xml:2:1-9:12
MERGED from [com.facebook.fresco:imagepipeline-okhttp3:2.0.0] AndroidManifest.xml:2:1-9:12
MERGED from [com.facebook.fresco:animated-gif:2.0.0] AndroidManifest.xml:2:1-9:12
MERGED from [com.facebook.fresco:webpsupport:2.0.0] AndroidManifest.xml:2:1-9:12
MERGED from [androidx.legacy:legacy-support-v4:1.0.0] AndroidManifest.xml:17:1-22:12
MERGED from [androidx.legacy:legacy-support-core-ui:1.0.0] AndroidManifest.xml:17:1-22:12
MERGED from [androidx.swiperefreshlayout:swiperefreshlayout:1.0.0] AndroidManifest.xml:17:1-22:12
MERGED from [org.webkit:android-jsc:r245459] AndroidManifest.xml:2:1-11:12
MERGED from [com.facebook.fresco:animated-base:2.0.0] AndroidManifest.xml:2:1-9:12
MERGED from [com.facebook.fresco:animated-drawable:2.0.0] AndroidManifest.xml:2:1-9:12
MERGED from [com.facebook.fresco:drawee:2.2.0] AndroidManifest.xml:2:1-9:12
MERGED from [com.facebook.fresco:nativeimagefilters:2.2.0] AndroidManifest.xml:2:1-9:12
MERGED from [com.facebook.fresco:memory-type-native:2.2.0] AndroidManifest.xml:2:1-9:12
MERGED from [com.facebook.fresco:memory-type-java:2.2.0] AndroidManifest.xml:2:1-9:12
MERGED from [com.facebook.fresco:imagepipeline-native:2.2.0] AndroidManifest.xml:2:1-9:12
MERGED from [com.facebook.fresco:memory-type-ashmem:2.2.0] AndroidManifest.xml:2:1-9:12
MERGED from [com.facebook.fresco:imagepipeline:2.2.0] AndroidManifest.xml:2:1-9:12
MERGED from [com.facebook.fresco:nativeimagetranscoder:2.2.0] AndroidManifest.xml:2:1-9:12
MERGED from [com.facebook.fresco:imagepipeline-base:2.2.0] AndroidManifest.xml:2:1-9:12
MERGED from [com.facebook.fresco:soloader:2.2.0] AndroidManifest.xml:2:1-9:12
MERGED from [com.facebook.soloader:soloader:0.9.0] AndroidManifest.xml:2:1-13:12
MERGED from [androidx.appcompat:appcompat:1.2.0] AndroidManifest.xml:17:1-24:12
MERGED from [com.facebook.fresco:fbcore:2.2.0] AndroidManifest.xml:2:1-9:12
MERGED from [androidx.appcompat:appcompat-resources:1.2.0] AndroidManifest.xml:17:1-24:12
MERGED from [androidx.vectordrawable:vectordrawable-animated:1.1.0] AndroidManifest.xml:17:1-24:12
MERGED from [androidx.interpolator:interpolator:1.0.0] AndroidManifest.xml:17:1-22:12
MERGED from [androidx.webkit:webkit:1.4.0] AndroidManifest.xml:17:1-24:12
MERGED from [androidx.media:media:1.0.0] AndroidManifest.xml:17:1-22:12
MERGED from [androidx.legacy:legacy-support-core-utils:1.0.0] AndroidManifest.xml:17:1-22:12
MERGED from [androidx.fragment:fragment:1.1.0] AndroidManifest.xml:17:1-24:12
MERGED from [androidx.drawerlayout:drawerlayout:1.0.0] AndroidManifest.xml:17:1-22:12
MERGED from [androidx.loader:loader:1.0.0] AndroidManifest.xml:17:1-22:12
MERGED from [androidx.viewpager:viewpager:1.0.0] AndroidManifest.xml:17:1-22:12
MERGED from [androidx.coordinatorlayout:coordinatorlayout:1.0.0] AndroidManifest.xml:17:1-22:12
MERGED from [androidx.slidingpanelayout:slidingpanelayout:1.0.0] AndroidManifest.xml:17:1-22:12
MERGED from [androidx.customview:customview:1.0.0] AndroidManifest.xml:17:1-22:12
MERGED from [androidx.asynclayoutinflater:asynclayoutinflater:1.0.0] AndroidManifest.xml:17:1-22:12
MERGED from [androidx.activity:activity:1.0.0] AndroidManifest.xml:17:1-24:12
MERGED from [androidx.vectordrawable:vectordrawable:1.1.0] AndroidManifest.xml:17:1-24:12
MERGED from [androidx.core:core:1.3.0] AndroidManifest.xml:17:1-26:12
MERGED from [androidx.cursoradapter:cursoradapter:1.0.0] AndroidManifest.xml:17:1-22:12
MERGED from [androidx.documentfile:documentfile:1.0.0] AndroidManifest.xml:17:1-22:12
MERGED from [androidx.localbroadcastmanager:localbroadcastmanager:1.0.0] AndroidManifest.xml:17:1-22:12
MERGED from [androidx.print:print:1.0.0] AndroidManifest.xml:17:1-22:12
MERGED from [androidx.versionedparcelable:versionedparcelable:1.1.0] AndroidManifest.xml:17:1-27:12
MERGED from [androidx.lifecycle:lifecycle-runtime:2.1.0] AndroidManifest.xml:17:1-22:12
MERGED from [androidx.lifecycle:lifecycle-viewmodel:2.1.0] AndroidManifest.xml:17:1-22:12
MERGED from [androidx.savedstate:savedstate:1.0.0] AndroidManifest.xml:17:1-24:12
MERGED from [androidx.lifecycle:lifecycle-livedata:2.0.0] AndroidManifest.xml:17:1-22:12
MERGED from [androidx.lifecycle:lifecycle-livedata-core:2.0.0] AndroidManifest.xml:17:1-22:12
MERGED from [androidx.arch.core:core-runtime:2.0.0] AndroidManifest.xml:17:1-22:12
MERGED from [com.facebook.fresco:ui-common:2.2.0] AndroidManifest.xml:2:1-9:12
MERGED from [com.android.installreferrer:installreferrer:1.0] AndroidManifest.xml:2:1-13:12
INJECTED from src/debug/AndroidManifest.xml:1:1-7:12
INJECTED from src/debug/AndroidManifest.xml:1:1-7:12
INJECTED from src/debug/AndroidManifest.xml:1:1-7:12
	package
		ADDED from src/main/AndroidManifest.xml:1:70-92
		INJECTED from src/main/AndroidManifest.xml
		ADDED from src/main/AndroidManifest.xml:1:70-92
		INJECTED from src/debug/AndroidManifest.xml
	android:versionName
		INJECTED from src/main/AndroidManifest.xml
		ADDED from src/main/AndroidManifest.xml:1:1-32:12
		INJECTED from src/debug/AndroidManifest.xml
	xmlns:tools
		ADDED from src/debug/AndroidManifest.xml:2:5-51
	android:versionCode
		INJECTED from src/main/AndroidManifest.xml
		ADDED from src/main/AndroidManifest.xml:1:1-32:12
		INJECTED from src/debug/AndroidManifest.xml
	xmlns:android
		ADDED from src/main/AndroidManifest.xml:1:11-69
uses-permission#android.permission.INTERNET
ADDED from src/main/AndroidManifest.xml:3:3-64
MERGED from [com.facebook.flipper:flipper:0.54.0] AndroidManifest.xml:15:5-67
MERGED from [com.facebook.flipper:flipper:0.54.0] AndroidManifest.xml:15:5-67
MERGED from [:expo-file-system] AndroidManifest.xml:12:5-67
MERGED from [:expo-file-system] AndroidManifest.xml:12:5-67
	android:name
		ADDED from src/main/AndroidManifest.xml:3:20-62
uses-permission#android.permission.SYSTEM_ALERT_WINDOW
ADDED from src/main/AndroidManifest.xml:5:3-75
MERGED from src/main/AndroidManifest.xml:5:3-75
MERGED from src/main/AndroidManifest.xml:5:3-75
	android:name
		ADDED from src/main/AndroidManifest.xml:5:20-73
uses-permission#android.permission.VIBRATE
ADDED from src/main/AndroidManifest.xml:6:3-63
	android:name
		ADDED from src/main/AndroidManifest.xml:6:20-61
uses-permission#android.permission.READ_EXTERNAL_STORAGE
ADDED from src/main/AndroidManifest.xml:8:3-77
MERGED from [:expo-file-system] AndroidManifest.xml:14:5-80
MERGED from [:expo-file-system] AndroidManifest.xml:14:5-80
	android:name
		ADDED from src/main/AndroidManifest.xml:8:20-75
uses-permission#android.permission.WRITE_EXTERNAL_STORAGE
ADDED from src/main/AndroidManifest.xml:9:3-78
MERGED from [:expo-file-system] AndroidManifest.xml:13:5-81
MERGED from [:expo-file-system] AndroidManifest.xml:13:5-81
	android:name
		ADDED from src/main/AndroidManifest.xml:9:20-76
queries
ADDED from src/main/AndroidManifest.xml:12:3-19:13
MERGED from [:expo-file-system] AndroidManifest.xml:16:5-22:15
MERGED from [:expo-file-system] AndroidManifest.xml:16:5-22:15
intent#action:name:android.intent.action.VIEW+category:name:android.intent.category.BROWSABLE+data:scheme:https
ADDED from src/main/AndroidManifest.xml:14:5-18:14
action#android.intent.action.VIEW
ADDED from src/main/AndroidManifest.xml:15:7-59
	android:name
		ADDED from src/main/AndroidManifest.xml:15:15-56
category#android.intent.category.BROWSABLE
ADDED from src/main/AndroidManifest.xml:16:7-68
	android:name
		ADDED from src/main/AndroidManifest.xml:16:17-65
data
ADDED from src/main/AndroidManifest.xml:17:7-38
	android:scheme
		ADDED from src/main/AndroidManifest.xml:17:13-35
application
ADDED from src/main/AndroidManifest.xml:21:3-31:17
MERGED from src/main/AndroidManifest.xml:21:3-31:17
MERGED from src/main/AndroidManifest.xml:21:3-31:17
MERGED from [:react-native-webview] AndroidManifest.xml:11:5-21:19
MERGED from [:react-native-webview] AndroidManifest.xml:11:5-21:19
MERGED from [:expo-file-system] AndroidManifest.xml:24:5-35:19
MERGED from [:expo-file-system] AndroidManifest.xml:24:5-35:19
MERGED from [:expo-modules-core] AndroidManifest.xml:11:5-15:19
MERGED from [:expo-modules-core] AndroidManifest.xml:11:5-15:19
MERGED from [com.facebook.react:react-native:0.64.3] AndroidManifest.xml:11:5-20
MERGED from [com.facebook.react:react-native:0.64.3] AndroidManifest.xml:11:5-20
MERGED from [com.facebook.soloader:soloader:0.9.0] AndroidManifest.xml:11:5-20
MERGED from [com.facebook.soloader:soloader:0.9.0] AndroidManifest.xml:11:5-20
MERGED from [androidx.core:core:1.3.0] AndroidManifest.xml:24:5-89
MERGED from [androidx.core:core:1.3.0] AndroidManifest.xml:24:5-89
MERGED from [androidx.versionedparcelable:versionedparcelable:1.1.0] AndroidManifest.xml:24:5-25:19
MERGED from [androidx.versionedparcelable:versionedparcelable:1.1.0] AndroidManifest.xml:24:5-25:19
MERGED from [com.android.installreferrer:installreferrer:1.0] AndroidManifest.xml:11:5-20
MERGED from [com.android.installreferrer:installreferrer:1.0] AndroidManifest.xml:11:5-20
	android:appComponentFactory
		ADDED from [androidx.core:core:1.3.0] AndroidManifest.xml:24:18-86
	android:label
		ADDED from src/main/AndroidManifest.xml:21:48-80
		ADDED from src/main/AndroidManifest.xml:21:48-80
	tools:ignore
		ADDED from src/debug/AndroidManifest.xml:6:75-114
	android:roundIcon
		ADDED from src/main/AndroidManifest.xml:21:116-161
		ADDED from src/main/AndroidManifest.xml:21:116-161
	tools:targetApi
		ADDED from src/debug/AndroidManifest.xml:6:54-74
	android:icon
		ADDED from src/main/AndroidManifest.xml:21:81-115
		ADDED from src/main/AndroidManifest.xml:21:81-115
	android:allowBackup
		ADDED from src/main/AndroidManifest.xml:21:162-189
		ADDED from src/main/AndroidManifest.xml:21:162-189
	android:theme
		ADDED from src/main/AndroidManifest.xml:21:190-221
		ADDED from src/main/AndroidManifest.xml:21:190-221
	android:usesCleartextTraffic
		ADDED from src/main/AndroidManifest.xml:21:222-257
	android:name
		ADDED from src/main/AndroidManifest.xml:21:16-47
		ADDED from src/main/AndroidManifest.xml:21:16-47
meta-data#expo.modules.updates.EXPO_UPDATE_URL
ADDED from src/main/AndroidManifest.xml:22:5-103
	android:value
		ADDED from src/main/AndroidManifest.xml:22:68-101
	android:name
		ADDED from src/main/AndroidManifest.xml:22:16-67
meta-data#expo.modules.updates.EXPO_SDK_VERSION
ADDED from src/main/AndroidManifest.xml:23:5-112
	android:value
		ADDED from src/main/AndroidManifest.xml:23:69-110
	android:name
		ADDED from src/main/AndroidManifest.xml:23:16-68
activity#com.teslaapp.MainActivity
ADDED from src/main/AndroidManifest.xml:24:5-29:16
	android:label
		ADDED from src/main/AndroidManifest.xml:24:44-76
	android:launchMode
		ADDED from src/main/AndroidManifest.xml:24:155-186
	android:windowSoftInputMode
		ADDED from src/main/AndroidManifest.xml:24:187-229
	android:configChanges
		ADDED from src/main/AndroidManifest.xml:24:77-154
	android:theme
		ADDED from src/main/AndroidManifest.xml:24:230-275
	android:name
		ADDED from src/main/AndroidManifest.xml:24:15-43
intent-filter#action:name:android.intent.action.MAIN+category:name:android.intent.category.LAUNCHER
ADDED from src/main/AndroidManifest.xml:25:7-28:23
action#android.intent.action.MAIN
ADDED from src/main/AndroidManifest.xml:26:9-60
	android:name
		ADDED from src/main/AndroidManifest.xml:26:17-58
category#android.intent.category.LAUNCHER
ADDED from src/main/AndroidManifest.xml:27:9-68
	android:name
		ADDED from src/main/AndroidManifest.xml:27:19-66
activity#com.facebook.react.devsupport.DevSettingsActivity
ADDED from src/main/AndroidManifest.xml:30:5-81
	android:name
		ADDED from src/main/AndroidManifest.xml:30:15-79
uses-sdk
INJECTED from src/main/AndroidManifest.xml reason: use-sdk injection requested
INJECTED from src/main/AndroidManifest.xml
INJECTED from src/main/AndroidManifest.xml
MERGED from [com.facebook.flipper:flipper:0.54.0] AndroidManifest.xml:11:5-13:41
MERGED from [com.facebook.flipper:flipper:0.54.0] AndroidManifest.xml:11:5-13:41
MERGED from [com.facebook.flipper:flipper-network-plugin:0.54.0] AndroidManifest.xml:11:5-13:41
MERGED from [com.facebook.flipper:flipper-network-plugin:0.54.0] AndroidManifest.xml:11:5-13:41
MERGED from [com.facebook.flipper:flipper-fresco-plugin:0.54.0] AndroidManifest.xml:11:5-13:41
MERGED from [com.facebook.flipper:flipper-fresco-plugin:0.54.0] AndroidManifest.xml:11:5-13:41
MERGED from [:react-native-community_checkbox] AndroidManifest.xml:5:5-7:41
MERGED from [:react-native-community_checkbox] AndroidManifest.xml:5:5-7:41
MERGED from [:expo] AndroidManifest.xml:7:5-9:41
MERGED from [:expo] AndroidManifest.xml:7:5-9:41
MERGED from [:react-native-webview] AndroidManifest.xml:7:5-9:41
MERGED from [:react-native-webview] AndroidManifest.xml:7:5-9:41
MERGED from [:expo-application] AndroidManifest.xml:7:5-9:41
MERGED from [:expo-application] AndroidManifest.xml:7:5-9:41
MERGED from [:expo-constants] AndroidManifest.xml:7:5-9:41
MERGED from [:expo-constants] AndroidManifest.xml:7:5-9:41
MERGED from [:expo-error-recovery] AndroidManifest.xml:7:5-9:41
MERGED from [:expo-error-recovery] AndroidManifest.xml:7:5-9:41
MERGED from [:expo-file-system] AndroidManifest.xml:8:5-10:41
MERGED from [:expo-file-system] AndroidManifest.xml:8:5-10:41
MERGED from [:expo-font] AndroidManifest.xml:7:5-9:41
MERGED from [:expo-font] AndroidManifest.xml:7:5-9:41
MERGED from [:expo-keep-awake] AndroidManifest.xml:7:5-9:41
MERGED from [:expo-keep-awake] AndroidManifest.xml:7:5-9:41
MERGED from [:expo-splash-screen] AndroidManifest.xml:7:5-9:41
MERGED from [:expo-splash-screen] AndroidManifest.xml:7:5-9:41
MERGED from [:expo-modules-core] AndroidManifest.xml:7:5-9:41
MERGED from [:expo-modules-core] AndroidManifest.xml:7:5-9:41
MERGED from [com.facebook.react:react-native:0.64.3] AndroidManifest.xml:7:5-9:41
MERGED from [com.facebook.react:react-native:0.64.3] AndroidManifest.xml:7:5-9:41
MERGED from [com.facebook.fresco:flipper:2.2.0] AndroidManifest.xml:5:5-7:41
MERGED from [com.facebook.fresco:flipper:2.2.0] AndroidManifest.xml:5:5-7:41
MERGED from [com.facebook.fresco:stetho:2.2.0] AndroidManifest.xml:5:5-7:41
MERGED from [com.facebook.fresco:stetho:2.2.0] AndroidManifest.xml:5:5-7:41
MERGED from [com.facebook.fresco:fresco:2.2.0] AndroidManifest.xml:5:5-7:41
MERGED from [com.facebook.fresco:fresco:2.2.0] AndroidManifest.xml:5:5-7:41
MERGED from [com.facebook.fresco:imagepipeline-okhttp3:2.0.0] AndroidManifest.xml:5:5-7:41
MERGED from [com.facebook.fresco:imagepipeline-okhttp3:2.0.0] AndroidManifest.xml:5:5-7:41
MERGED from [com.facebook.fresco:animated-gif:2.0.0] AndroidManifest.xml:5:5-7:41
MERGED from [com.facebook.fresco:animated-gif:2.0.0] AndroidManifest.xml:5:5-7:41
MERGED from [com.facebook.fresco:webpsupport:2.0.0] AndroidManifest.xml:5:5-7:41
MERGED from [com.facebook.fresco:webpsupport:2.0.0] AndroidManifest.xml:5:5-7:41
MERGED from [androidx.legacy:legacy-support-v4:1.0.0] AndroidManifest.xml:20:5-44
MERGED from [androidx.legacy:legacy-support-v4:1.0.0] AndroidManifest.xml:20:5-44
MERGED from [androidx.legacy:legacy-support-core-ui:1.0.0] AndroidManifest.xml:20:5-44
MERGED from [androidx.legacy:legacy-support-core-ui:1.0.0] AndroidManifest.xml:20:5-44
MERGED from [androidx.swiperefreshlayout:swiperefreshlayout:1.0.0] AndroidManifest.xml:20:5-44
MERGED from [androidx.swiperefreshlayout:swiperefreshlayout:1.0.0] AndroidManifest.xml:20:5-44
MERGED from [org.webkit:android-jsc:r245459] AndroidManifest.xml:7:5-9:41
MERGED from [org.webkit:android-jsc:r245459] AndroidManifest.xml:7:5-9:41
MERGED from [com.facebook.fresco:animated-base:2.0.0] AndroidManifest.xml:5:5-7:41
MERGED from [com.facebook.fresco:animated-base:2.0.0] AndroidManifest.xml:5:5-7:41
MERGED from [com.facebook.fresco:animated-drawable:2.0.0] AndroidManifest.xml:5:5-7:41
MERGED from [com.facebook.fresco:animated-drawable:2.0.0] AndroidManifest.xml:5:5-7:41
MERGED from [com.facebook.fresco:drawee:2.2.0] AndroidManifest.xml:5:5-7:41
MERGED from [com.facebook.fresco:drawee:2.2.0] AndroidManifest.xml:5:5-7:41
MERGED from [com.facebook.fresco:nativeimagefilters:2.2.0] AndroidManifest.xml:5:5-7:41
MERGED from [com.facebook.fresco:nativeimagefilters:2.2.0] AndroidManifest.xml:5:5-7:41
MERGED from [com.facebook.fresco:memory-type-native:2.2.0] AndroidManifest.xml:5:5-7:41
MERGED from [com.facebook.fresco:memory-type-native:2.2.0] AndroidManifest.xml:5:5-7:41
MERGED from [com.facebook.fresco:memory-type-java:2.2.0] AndroidManifest.xml:5:5-7:41
MERGED from [com.facebook.fresco:memory-type-java:2.2.0] AndroidManifest.xml:5:5-7:41
MERGED from [com.facebook.fresco:imagepipeline-native:2.2.0] AndroidManifest.xml:5:5-7:41
MERGED from [com.facebook.fresco:imagepipeline-native:2.2.0] AndroidManifest.xml:5:5-7:41
MERGED from [com.facebook.fresco:memory-type-ashmem:2.2.0] AndroidManifest.xml:5:5-7:41
MERGED from [com.facebook.fresco:memory-type-ashmem:2.2.0] AndroidManifest.xml:5:5-7:41
MERGED from [com.facebook.fresco:imagepipeline:2.2.0] AndroidManifest.xml:5:5-7:41
MERGED from [com.facebook.fresco:imagepipeline:2.2.0] AndroidManifest.xml:5:5-7:41
MERGED from [com.facebook.fresco:nativeimagetranscoder:2.2.0] AndroidManifest.xml:5:5-7:41
MERGED from [com.facebook.fresco:nativeimagetranscoder:2.2.0] AndroidManifest.xml:5:5-7:41
MERGED from [com.facebook.fresco:imagepipeline-base:2.2.0] AndroidManifest.xml:5:5-7:41
MERGED from [com.facebook.fresco:imagepipeline-base:2.2.0] AndroidManifest.xml:5:5-7:41
MERGED from [com.facebook.fresco:soloader:2.2.0] AndroidManifest.xml:5:5-7:41
MERGED from [com.facebook.fresco:soloader:2.2.0] AndroidManifest.xml:5:5-7:41
MERGED from [com.facebook.soloader:soloader:0.9.0] AndroidManifest.xml:7:5-9:41
MERGED from [com.facebook.soloader:soloader:0.9.0] AndroidManifest.xml:7:5-9:41
MERGED from [androidx.appcompat:appcompat:1.2.0] AndroidManifest.xml:20:5-22:41
MERGED from [androidx.appcompat:appcompat:1.2.0] AndroidManifest.xml:20:5-22:41
MERGED from [com.facebook.fresco:fbcore:2.2.0] AndroidManifest.xml:5:5-7:41
MERGED from [com.facebook.fresco:fbcore:2.2.0] AndroidManifest.xml:5:5-7:41
MERGED from [androidx.appcompat:appcompat-resources:1.2.0] AndroidManifest.xml:20:5-22:41
MERGED from [androidx.appcompat:appcompat-resources:1.2.0] AndroidManifest.xml:20:5-22:41
MERGED from [androidx.vectordrawable:vectordrawable-animated:1.1.0] AndroidManifest.xml:20:5-22:41
MERGED from [androidx.vectordrawable:vectordrawable-animated:1.1.0] AndroidManifest.xml:20:5-22:41
MERGED from [androidx.interpolator:interpolator:1.0.0] AndroidManifest.xml:20:5-44
MERGED from [androidx.interpolator:interpolator:1.0.0] AndroidManifest.xml:20:5-44
MERGED from [androidx.webkit:webkit:1.4.0] AndroidManifest.xml:20:5-22:41
MERGED from [androidx.webkit:webkit:1.4.0] AndroidManifest.xml:20:5-22:41
MERGED from [androidx.media:media:1.0.0] AndroidManifest.xml:20:5-44
MERGED from [androidx.media:media:1.0.0] AndroidManifest.xml:20:5-44
MERGED from [androidx.legacy:legacy-support-core-utils:1.0.0] AndroidManifest.xml:20:5-44
MERGED from [androidx.legacy:legacy-support-core-utils:1.0.0] AndroidManifest.xml:20:5-44
MERGED from [androidx.fragment:fragment:1.1.0] AndroidManifest.xml:20:5-22:41
MERGED from [androidx.fragment:fragment:1.1.0] AndroidManifest.xml:20:5-22:41
MERGED from [androidx.drawerlayout:drawerlayout:1.0.0] AndroidManifest.xml:20:5-44
MERGED from [androidx.drawerlayout:drawerlayout:1.0.0] AndroidManifest.xml:20:5-44
MERGED from [androidx.loader:loader:1.0.0] AndroidManifest.xml:20:5-44
MERGED from [androidx.loader:loader:1.0.0] AndroidManifest.xml:20:5-44
MERGED from [androidx.viewpager:viewpager:1.0.0] AndroidManifest.xml:20:5-44
MERGED from [androidx.viewpager:viewpager:1.0.0] AndroidManifest.xml:20:5-44
MERGED from [androidx.coordinatorlayout:coordinatorlayout:1.0.0] AndroidManifest.xml:20:5-44
MERGED from [androidx.coordinatorlayout:coordinatorlayout:1.0.0] AndroidManifest.xml:20:5-44
MERGED from [androidx.slidingpanelayout:slidingpanelayout:1.0.0] AndroidManifest.xml:20:5-44
MERGED from [androidx.slidingpanelayout:slidingpanelayout:1.0.0] AndroidManifest.xml:20:5-44
MERGED from [androidx.customview:customview:1.0.0] AndroidManifest.xml:20:5-44
MERGED from [androidx.customview:customview:1.0.0] AndroidManifest.xml:20:5-44
MERGED from [androidx.asynclayoutinflater:asynclayoutinflater:1.0.0] AndroidManifest.xml:20:5-44
MERGED from [androidx.asynclayoutinflater:asynclayoutinflater:1.0.0] AndroidManifest.xml:20:5-44
MERGED from [androidx.activity:activity:1.0.0] AndroidManifest.xml:20:5-22:41
MERGED from [androidx.activity:activity:1.0.0] AndroidManifest.xml:20:5-22:41
MERGED from [androidx.vectordrawable:vectordrawable:1.1.0] AndroidManifest.xml:20:5-22:41
MERGED from [androidx.vectordrawable:vectordrawable:1.1.0] AndroidManifest.xml:20:5-22:41
MERGED from [androidx.core:core:1.3.0] AndroidManifest.xml:20:5-22:41
MERGED from [androidx.core:core:1.3.0] AndroidManifest.xml:20:5-22:41
MERGED from [androidx.cursoradapter:cursoradapter:1.0.0] AndroidManifest.xml:20:5-44
MERGED from [androidx.cursoradapter:cursoradapter:1.0.0] AndroidManifest.xml:20:5-44
MERGED from [androidx.documentfile:documentfile:1.0.0] AndroidManifest.xml:20:5-44
MERGED from [androidx.documentfile:documentfile:1.0.0] AndroidManifest.xml:20:5-44
MERGED from [androidx.localbroadcastmanager:localbroadcastmanager:1.0.0] AndroidManifest.xml:20:5-44
MERGED from [androidx.localbroadcastmanager:localbroadcastmanager:1.0.0] AndroidManifest.xml:20:5-44
MERGED from [androidx.print:print:1.0.0] AndroidManifest.xml:20:5-44
MERGED from [androidx.print:print:1.0.0] AndroidManifest.xml:20:5-44
MERGED from [androidx.versionedparcelable:versionedparcelable:1.1.0] AndroidManifest.xml:20:5-22:41
MERGED from [androidx.versionedparcelable:versionedparcelable:1.1.0] AndroidManifest.xml:20:5-22:41
MERGED from [androidx.lifecycle:lifecycle-runtime:2.1.0] AndroidManifest.xml:20:5-44
MERGED from [androidx.lifecycle:lifecycle-runtime:2.1.0] AndroidManifest.xml:20:5-44
MERGED from [androidx.lifecycle:lifecycle-viewmodel:2.1.0] AndroidManifest.xml:20:5-44
MERGED from [androidx.lifecycle:lifecycle-viewmodel:2.1.0] AndroidManifest.xml:20:5-44
MERGED from [androidx.savedstate:savedstate:1.0.0] AndroidManifest.xml:20:5-22:41
MERGED from [androidx.savedstate:savedstate:1.0.0] AndroidManifest.xml:20:5-22:41
MERGED from [androidx.lifecycle:lifecycle-livedata:2.0.0] AndroidManifest.xml:20:5-44
MERGED from [androidx.lifecycle:lifecycle-livedata:2.0.0] AndroidManifest.xml:20:5-44
MERGED from [androidx.lifecycle:lifecycle-livedata-core:2.0.0] AndroidManifest.xml:20:5-44
MERGED from [androidx.lifecycle:lifecycle-livedata-core:2.0.0] AndroidManifest.xml:20:5-44
MERGED from [androidx.arch.core:core-runtime:2.0.0] AndroidManifest.xml:20:5-44
MERGED from [androidx.arch.core:core-runtime:2.0.0] AndroidManifest.xml:20:5-44
MERGED from [com.facebook.fresco:ui-common:2.2.0] AndroidManifest.xml:5:5-7:41
MERGED from [com.facebook.fresco:ui-common:2.2.0] AndroidManifest.xml:5:5-7:41
MERGED from [com.android.installreferrer:installreferrer:1.0] AndroidManifest.xml:5:5-7:41
MERGED from [com.android.installreferrer:installreferrer:1.0] AndroidManifest.xml:5:5-7:41
INJECTED from src/debug/AndroidManifest.xml
INJECTED from src/debug/AndroidManifest.xml
	android:targetSdkVersion
		INJECTED from src/main/AndroidManifest.xml
		INJECTED from src/debug/AndroidManifest.xml
	android:minSdkVersion
		INJECTED from src/main/AndroidManifest.xml
		INJECTED from src/debug/AndroidManifest.xml
uses-permission#android.permission.ACCESS_WIFI_STATE
ADDED from [com.facebook.flipper:flipper:0.54.0] AndroidManifest.xml:16:5-76
	android:name
		ADDED from [com.facebook.flipper:flipper:0.54.0] AndroidManifest.xml:16:22-73
provider#com.reactnativecommunity.webview.RNCWebViewFileProvider
ADDED from [:react-native-webview] AndroidManifest.xml:12:9-20:20
	android:grantUriPermissions
		ADDED from [:react-native-webview] AndroidManifest.xml:16:13-47
	android:authorities
		ADDED from [:react-native-webview] AndroidManifest.xml:14:13-64
	android:exported
		ADDED from [:react-native-webview] AndroidManifest.xml:15:13-37
	android:name
		ADDED from [:react-native-webview] AndroidManifest.xml:13:13-83
meta-data#android.support.FILE_PROVIDER_PATHS
ADDED from [:react-native-webview] AndroidManifest.xml:17:13-19:63
	android:resource
		ADDED from [:react-native-webview] AndroidManifest.xml:19:17-60
	android:name
		ADDED from [:react-native-webview] AndroidManifest.xml:18:17-67
intent#action:name:android.intent.action.OPEN_DOCUMENT_TREE
ADDED from [:expo-file-system] AndroidManifest.xml:19:9-21:18
action#android.intent.action.OPEN_DOCUMENT_TREE
ADDED from [:expo-file-system] AndroidManifest.xml:20:13-79
	android:name
		ADDED from [:expo-file-system] AndroidManifest.xml:20:21-76
provider#expo.modules.filesystem.FileSystemFileProvider
ADDED from [:expo-file-system] AndroidManifest.xml:25:9-34:20
	android:grantUriPermissions
		ADDED from [:expo-file-system] AndroidManifest.xml:29:13-47
	android:authorities
		ADDED from [:expo-file-system] AndroidManifest.xml:27:13-74
	android:exported
		ADDED from [:expo-file-system] AndroidManifest.xml:28:13-37
	tools:replace
		ADDED from [:expo-file-system] AndroidManifest.xml:30:13-48
	android:name
		ADDED from [:expo-file-system] AndroidManifest.xml:26:13-74
meta-data#org.unimodules.core.AppLoader#react-native-headless
ADDED from [:expo-modules-core] AndroidManifest.xml:12:9-14:89
	android:value
		ADDED from [:expo-modules-core] AndroidManifest.xml:14:13-86
	android:name
		ADDED from [:expo-modules-core] AndroidManifest.xml:13:13-79
uses-permission#com.google.android.finsky.permission.BIND_GET_INSTALL_REFERRER_SERVICE
ADDED from [com.android.installreferrer:installreferrer:1.0] AndroidManifest.xml:9:5-110
	android:name
		ADDED from [com.android.installreferrer:installreferrer:1.0] AndroidManifest.xml:9:22-107